  Agent.cpp
c:\users\aleks\documents\visual studio 2017\projects\ai_lab3\ai_lab3\board.h(33): warning C4267: 'return': conversion from 'size_t' to 'int', possible loss of data
c:\users\aleks\documents\visual studio 2017\projects\ai_lab3\ai_lab3\board.h(51): warning C4267: 'return': conversion from 'size_t' to 'int', possible loss of data
c:\users\aleks\documents\visual studio 2017\projects\ai_lab3\ai_lab3\board.h(80): warning C4244: 'return': conversion from 'float' to 'int', possible loss of data
c:\users\aleks\documents\visual studio 2017\projects\ai_lab3\ai_lab3\board.h(81): warning C4244: 'return': conversion from 'float' to 'int', possible loss of data
  Board.cpp
c:\users\aleks\documents\visual studio 2017\projects\ai_lab3\ai_lab3\board.h(33): warning C4267: 'return': conversion from 'size_t' to 'int', possible loss of data
c:\users\aleks\documents\visual studio 2017\projects\ai_lab3\ai_lab3\board.h(51): warning C4267: 'return': conversion from 'size_t' to 'int', possible loss of data
c:\users\aleks\documents\visual studio 2017\projects\ai_lab3\ai_lab3\board.h(80): warning C4244: 'return': conversion from 'float' to 'int', possible loss of data
c:\users\aleks\documents\visual studio 2017\projects\ai_lab3\ai_lab3\board.h(81): warning C4244: 'return': conversion from 'float' to 'int', possible loss of data
c:\users\aleks\documents\visual studio 2017\projects\ai_lab3\ai_lab3\board.cpp(195): warning C4244: 'argument': conversion from 'int' to 'float', possible loss of data
c:\users\aleks\documents\visual studio 2017\projects\ai_lab3\ai_lab3\board.cpp(196): warning C4244: 'argument': conversion from 'int' to 'float', possible loss of data
c:\users\aleks\documents\visual studio 2017\projects\ai_lab3\ai_lab3\board.cpp(200): warning C4244: 'argument': conversion from 'int' to 'float', possible loss of data
c:\users\aleks\documents\visual studio 2017\projects\ai_lab3\ai_lab3\board.cpp(201): warning C4244: 'argument': conversion from 'int' to 'float', possible loss of data
c:\users\aleks\documents\visual studio 2017\projects\ai_lab3\ai_lab3\board.cpp(207): warning C4244: 'argument': conversion from 'int' to 'float', possible loss of data
c:\users\aleks\documents\visual studio 2017\projects\ai_lab3\ai_lab3\board.cpp(208): warning C4244: 'argument': conversion from 'int' to 'float', possible loss of data
c:\users\aleks\documents\visual studio 2017\projects\ai_lab3\ai_lab3\board.cpp(209): warning C4244: 'argument': conversion from 'int' to 'float', possible loss of data
c:\users\aleks\documents\visual studio 2017\projects\ai_lab3\ai_lab3\board.cpp(210): warning C4244: 'argument': conversion from 'int' to 'float', possible loss of data
  main.cpp
c:\users\aleks\documents\visual studio 2017\projects\ai_lab3\ai_lab3\board.h(33): warning C4267: 'return': conversion from 'size_t' to 'int', possible loss of data
c:\users\aleks\documents\visual studio 2017\projects\ai_lab3\ai_lab3\board.h(51): warning C4267: 'return': conversion from 'size_t' to 'int', possible loss of data
c:\users\aleks\documents\visual studio 2017\projects\ai_lab3\ai_lab3\board.h(80): warning C4244: 'return': conversion from 'float' to 'int', possible loss of data
c:\users\aleks\documents\visual studio 2017\projects\ai_lab3\ai_lab3\board.h(81): warning C4244: 'return': conversion from 'float' to 'int', possible loss of data
c:\users\aleks\documents\visual studio 2017\projects\ai_lab3\ai_lab3\main.cpp(171): warning C4244: 'argument': conversion from 'int' to 'float', possible loss of data
c:\users\aleks\documents\visual studio 2017\projects\ai_lab3\ai_lab3\main.cpp(170): warning C4244: 'argument': conversion from 'int' to 'float', possible loss of data
  Generating code
c:\users\aleks\documents\visual studio 2017\projects\ai_lab3\ai_lab3\agent.cpp(121): warning C4715: 'Agent::alphaBeta': not all control paths return a value
  126 of 456 functions (27.6%) were compiled, the rest were copied from previous compilation.
    0 functions were new in current compilation
    19 functions had inline decision re-evaluated but remain unchanged
  Finished generating code
  AI_Lab3.vcxproj -> C:\Users\aleks\Documents\Visual Studio 2017\Projects\AI_Lab3\x64\Release\AI_Lab3.exe
